d:\projectworkspace\win32\entranceguardclient\entranceguardclient\x64\debug\entranceguardclient.pch
d:\projectworkspace\win32\entranceguardclient\entranceguardclient\x64\debug\vc141.pdb
d:\projectworkspace\win32\entranceguardclient\entranceguardclient\x64\debug\vc141.idb
d:\projectworkspace\win32\entranceguardclient\entranceguardclient\x64\debug\stdafx.obj
d:\projectworkspace\win32\entranceguardclient\entranceguardclient\x64\debug\cameracontext.obj
d:\projectworkspace\win32\entranceguardclient\entranceguardclient\x64\debug\cameramanager.obj
d:\projectworkspace\win32\entranceguardclient\entranceguardclient\x64\debug\cvmanager.obj
d:\projectworkspace\win32\entranceguardclient\entranceguardclient\x64\debug\entranceguardclient.obj
d:\projectworkspace\win32\entranceguardclient\entranceguardclient\x64\debug\facedetect.obj
d:\projectworkspace\win32\entranceguardclient\entranceguardclient\x64\debug\vfwutility.obj
d:\projectworkspace\win32\entranceguardclient\entranceguardclient\x64\debug\winlogger.obj
d:\projectworkspace\win32\entranceguardclient\x64\debug\entranceguardclient.exe
d:\projectworkspace\win32\entranceguardclient\x64\debug\entranceguardclient.ilk
d:\projectworkspace\win32\entranceguardclient\x64\debug\entranceguardclient.pdb
d:\projectworkspace\win32\entranceguardclient\entranceguardclient\x64\debug\entranceguardclient.res
d:\projectworkspace\win32\entranceguardclient\entranceguardclient\x64\debug\entrance.fd98debd.tlog\cl.command.1.tlog
d:\projectworkspace\win32\entranceguardclient\entranceguardclient\x64\debug\entrance.fd98debd.tlog\cl.read.1.tlog
d:\projectworkspace\win32\entranceguardclient\entranceguardclient\x64\debug\entrance.fd98debd.tlog\cl.write.1.tlog
d:\projectworkspace\win32\entranceguardclient\entranceguardclient\x64\debug\entrance.fd98debd.tlog\link.command.1.tlog
d:\projectworkspace\win32\entranceguardclient\entranceguardclient\x64\debug\entrance.fd98debd.tlog\link.read.1.tlog
d:\projectworkspace\win32\entranceguardclient\entranceguardclient\x64\debug\entrance.fd98debd.tlog\link.write.1.tlog
d:\projectworkspace\win32\entranceguardclient\entranceguardclient\x64\debug\entrance.fd98debd.tlog\rc.command.1.tlog
d:\projectworkspace\win32\entranceguardclient\entranceguardclient\x64\debug\entrance.fd98debd.tlog\rc.read.1.tlog
d:\projectworkspace\win32\entranceguardclient\entranceguardclient\x64\debug\entrance.fd98debd.tlog\rc.write.1.tlog
